<?xml version="1.0" encoding="UTF-8"?>
<testsuite xmlns:xsi="http://www.w3.org/2001/XMLSchema-instance" xsi:schemaLocation="https://maven.apache.org/surefire/maven-surefire-plugin/xsd/surefire-test-report.xsd" name="Runner.TestRunner" time="0.8" tests="30" errors="0" skipped="0" failures="2">
  <properties>
    <property name="java.runtime.name" value="Java(TM) SE Runtime Environment"/>
    <property name="sun.boot.library.path" value="C:\Program Files\Java\jdk1.8.0_151\jre\bin"/>
    <property name="java.vm.version" value="25.151-b12"/>
    <property name="java.vm.vendor" value="Oracle Corporation"/>
    <property name="maven.multiModuleProjectDirectory" value="C:\Users\r.moharana\workspace\com.friday.address.test"/>
    <property name="java.vendor.url" value="http://java.oracle.com/"/>
    <property name="path.separator" value=";"/>
    <property name="guice.disable.misplaced.annotation.check" value="true"/>
    <property name="java.vm.name" value="Java HotSpot(TM) 64-Bit Server VM"/>
    <property name="file.encoding.pkg" value="sun.io"/>
    <property name="user.script" value=""/>
    <property name="user.country" value="IN"/>
    <property name="sun.java.launcher" value="SUN_STANDARD"/>
    <property name="sun.os.patch.level" value=""/>
    <property name="java.vm.specification.name" value="Java Virtual Machine Specification"/>
    <property name="user.dir" value="C:\Users\r.moharana\workspace\com.friday.address.test"/>
    <property name="java.runtime.version" value="1.8.0_151-b12"/>
    <property name="java.awt.graphicsenv" value="sun.awt.Win32GraphicsEnvironment"/>
    <property name="java.endorsed.dirs" value="C:\Program Files\Java\jdk1.8.0_151\jre\lib\endorsed"/>
    <property name="os.arch" value="amd64"/>
    <property name="java.io.tmpdir" value="C:\Users\RB0AA~1.MOH\AppData\Local\Temp\"/>
    <property name="line.separator" value="&#10;"/>
    <property name="java.vm.specification.vendor" value="Oracle Corporation"/>
    <property name="user.variant" value=""/>
    <property name="os.name" value="Windows 10"/>
    <property name="classworlds.conf" value="C:\Program Files\apache-maven-3.5.2-bin\apache-maven-3.5.2\bin\..\bin\m2.conf"/>
    <property name="sun.jnu.encoding" value="Cp1252"/>
    <property name="java.library.path" value="C:\Program Files\Java\jdk1.8.0_151\bin;C:\WINDOWS\Sun\Java\bin;C:\WINDOWS\system32;C:\WINDOWS;C:\Program Files (x86)\Common Files\Oracle\Java\javapath;C:\ProgramData\Oracle\Java\javapath;C:\WINDOWS\system32;C:\WINDOWS;C:\WINDOWS\System32\Wbem;C:\WINDOWS\System32\WindowsPowerShell\v1.0\;C:\Program Files\Microsoft SQL Server\120\Tools\Binn\;C:\Program Files\Microsoft\Web Platform Installer\;C:\Program Files\Microsoft SQL Server\130\Tools\Binn\;C:\Program Files (x86)\Microsoft Emulator Manager\1.0\;C:\Program Files\apache-maven-3.5.2-bin\apache-maven-3.5.2\bin;D:\SW\geckodriver-v0.19.1-win64;C:\Program Files\nodejs\;C:\Program Files\dotnet\;C:\Python27;C:\Python27\Scripts;C:\Program Files\Git\cmd;%JAVA_HOME%\bin;C:\Users\r.moharana\AppData\Local\Programs\Python\Python36\Scripts\;C:\Users\r.moharana\AppData\Local\Programs\Python\Python36\;&quot;C:\Users\r.moharana\AppData\Local\Microsoft\WindowsApps;C:\Program Files\Java\jdk1.8.0_151\bin;&quot;;C:\Program Files\apache-maven-3.5.2-bin\apache-maven-3.5.2\bin;C:\Users\r.moharana\AppData\Roaming\npm;C:\Users\r.moharana\AppData\Local\Android\android-sdk\tools;C:\Users\r.moharana\AppData\Local\Android\android-sdk\platform-tools;;."/>
    <property name="maven.conf" value="C:\Program Files\apache-maven-3.5.2-bin\apache-maven-3.5.2\bin\../conf"/>
    <property name="java.specification.name" value="Java Platform API Specification"/>
    <property name="java.class.version" value="52.0"/>
    <property name="sun.management.compiler" value="HotSpot 64-Bit Tiered Compilers"/>
    <property name="os.version" value="10.0"/>
    <property name="library.jansi.path" value="C:\Program Files\apache-maven-3.5.2-bin\apache-maven-3.5.2\bin\..\lib\jansi-native"/>
    <property name="user.home" value="C:\Users\r.moharana"/>
    <property name="user.timezone" value="Asia/Calcutta"/>
    <property name="java.awt.printerjob" value="sun.awt.windows.WPrinterJob"/>
    <property name="java.specification.version" value="1.8"/>
    <property name="file.encoding" value="Cp1252"/>
    <property name="user.name" value="r.moharana"/>
    <property name="java.class.path" value="C:\Program Files\apache-maven-3.5.2-bin\apache-maven-3.5.2\bin\..\boot\plexus-classworlds-2.5.2.jar"/>
    <property name="java.vm.specification.version" value="1.8"/>
    <property name="sun.arch.data.model" value="64"/>
    <property name="java.home" value="C:\Program Files\Java\jdk1.8.0_151\jre"/>
    <property name="sun.java.command" value="org.codehaus.plexus.classworlds.launcher.Launcher test"/>
    <property name="java.specification.vendor" value="Oracle Corporation"/>
    <property name="user.language" value="en"/>
    <property name="awt.toolkit" value="sun.awt.windows.WToolkit"/>
    <property name="java.vm.info" value="mixed mode"/>
    <property name="java.version" value="1.8.0_151"/>
    <property name="java.ext.dirs" value="C:\Program Files\Java\jdk1.8.0_151\jre\lib\ext;C:\WINDOWS\Sun\Java\lib\ext"/>
    <property name="sun.boot.class.path" value="C:\Program Files\Java\jdk1.8.0_151\jre\lib\resources.jar;C:\Program Files\Java\jdk1.8.0_151\jre\lib\rt.jar;C:\Program Files\Java\jdk1.8.0_151\jre\lib\sunrsasign.jar;C:\Program Files\Java\jdk1.8.0_151\jre\lib\jsse.jar;C:\Program Files\Java\jdk1.8.0_151\jre\lib\jce.jar;C:\Program Files\Java\jdk1.8.0_151\jre\lib\charsets.jar;C:\Program Files\Java\jdk1.8.0_151\jre\lib\jfr.jar;C:\Program Files\Java\jdk1.8.0_151\jre\classes"/>
    <property name="sun.stderr.encoding" value="cp437"/>
    <property name="java.vendor" value="Oracle Corporation"/>
    <property name="maven.home" value="C:\Program Files\apache-maven-3.5.2-bin\apache-maven-3.5.2\bin\.."/>
    <property name="file.separator" value="\"/>
    <property name="java.vendor.url.bug" value="http://bugreport.sun.com/bugreport/"/>
    <property name="sun.cpu.endian" value="little"/>
    <property name="sun.io.unicode.encoding" value="UnicodeLittle"/>
    <property name="sun.stdout.encoding" value="cp437"/>
    <property name="sun.desktop" value="windows"/>
    <property name="sun.cpu.isalist" value="amd64"/>
  </properties>
  <testcase name="Given User has input address string  and get Json output" classname="|  |" time="0.001"/>
  <testcase name="|  |" classname="|  |" time="0.002"/>
  <testcase name="Given User has input address string Winteralle 3 and get Json output" classname="| Winteralle 3 |" time="0"/>
  <testcase name="| Winteralle 3 |" classname="| Winteralle 3 |" time="0"/>
  <testcase name="Given User has input address string Musterstrasse 45 and get Json output" classname="| Musterstrasse 45 |" time="0"/>
  <testcase name="| Musterstrasse 45 |" classname="| Musterstrasse 45 |" time="0"/>
  <testcase name="Given User has input address string Blaufeldweg 123B and get Json output" classname="| Blaufeldweg 123B |" time="0"/>
  <testcase name="| Blaufeldweg 123B |" classname="| Blaufeldweg 123B |" time="0.001"/>
  <testcase name="Given User has input address string Auf der Vogelwiese 23 b and get Json output" classname="| Auf der Vogelwiese 23 b |" time="0"/>
  <testcase name="| Auf der Vogelwiese 23 b |" classname="| Auf der Vogelwiese 23 b |" time="0.001"/>
  <testcase name="Given User has input address string Calle 39 No 1540 and get Json output" classname="| Calle 39 No 1540 |" time="0"/>
  <testcase name="| Calle 39 No 1540 |" classname="| Calle 39 No 1540 |" time="0"/>
  <testcase name="Given User has input address string 4, rue de la revolution and get Json output" classname="| 4, rue de la revolution |" time="0"/>
  <testcase name="| 4, rue de la revolution |" classname="| 4, rue de la revolution |" time="0"/>
  <testcase name="Given User has input address string 200 Broadway A and get Json output" classname="| 200 Broadway A |" time="0"/>
  <testcase name="| 200 Broadway A |" classname="| 200 Broadway A |" time="0"/>
  <testcase name="Given User has input address string Calle Aduana, 29 and get Json output" classname="| Calle Aduana, 29 |" time="0"/>
  <testcase name="| Calle Aduana, 29 |" classname="| Calle Aduana, 29 |" time="0.001"/>
  <testcase name="Given User has input address string 23 b auf der vogelwiese and get Json output" classname="| 23 b auf der vogelwiese |" time="0"/>
  <testcase name="| 23 b auf der vogelwiese |" classname="| 23 b auf der vogelwiese |" time="0"/>
  <testcase name="Given User has input address string Calle 39 No 1540 B and get Json output" classname="| Calle 39 No 1540 B |" time="0.001"/>
  <testcase name="| Calle 39 No 1540 B |" classname="| Calle 39 No 1540 B |" time="0.001"/>
  <testcase name="Given User has input address string Calle 39 No 1540B and get Json output" classname="| Calle 39 No 1540B |" time="0"/>
  <testcase name="| Calle 39 No 1540B |" classname="| Calle 39 No 1540B |" time="0.001"/>
  <testcase name="Given User has input address string 29b , Calle Aduana and get Json output" classname="| 29b , Calle Aduana |" time="0"/>
  <testcase name="| 29b , Calle Aduana |" classname="| 29b , Calle Aduana |" time="0.001"/>
  <testcase name="Given User has input address string Calle Aduana and get Json output" classname="| Calle Aduana |" time="0"/>
  <testcase name="| Calle Aduana |" classname="| Calle Aduana |" time="0.001"/>
  <testcase name="Given User has input address string 123B and get Json output" classname="| 123B |" time="0.004">
    <failure message="Invalid Address line &apos;123B&apos;.Street name is missing" type="java.lang.AssertionError">java.lang.AssertionError: Invalid Address line '123B'.Street name is missing
</failure>
  </testcase>
  <testcase name="| 123B |" classname="| 123B |" time="0.004">
    <failure message="Invalid Address line &apos;123B&apos;.Street name is missing" type="java.lang.AssertionError">java.lang.AssertionError: Invalid Address line '123B'.Street name is missing
</failure>
  </testcase>
</testsuite>